2020/06/10 17:58:54 bitflyer.go:57: action=doRequest endpoint=https://api.bitflyer.com/v1/me/getchildorders
2020/06/14 14:25:59 bitflyer.go:213: connecting to wss://ws.lightstream.bitflyer.com/json-rpc
2020/06/14 14:26:05 streamdata.go:16: action=StreamIngestionData, {BTC_USD 2020-06-14T05:26:05.4741856Z 170486 9431.39 9438.49 0.1668 0.1668 80.57506909 72.75467683 9452.08 22.51613752 22.51613752}
2020/06/14 14:26:11 streamdata.go:16: action=StreamIngestionData, {BTC_USD 2020-06-14T05:26:11.4317007Z 170488 9431.39 9438.49 0.1668 0.1668 80.40554066 72.75467683 9452.08 22.51613752 22.51613752}
2020/06/14 14:26:12 streamdata.go:16: action=StreamIngestionData, {BTC_USD 2020-06-14T05:26:12.218935Z 170491 9414.3 9438.49 0.01 0.1668 80.15397138 72.71467683 9452.08 22.51613752 22.51613752}
2020/06/14 14:26:13 streamdata.go:16: action=StreamIngestionData, {BTC_USD 2020-06-14T05:26:13.2899264Z 170496 9425.12 9433 0.1668 0.1668 80.32077138 72.77452176 9452.08 22.51613752 22.51613752}
2020/06/14 14:26:15 streamdata.go:16: action=StreamIngestionData, {BTC_USD 2020-06-14T05:26:15.4101697Z 170498 9425.12 9433 0.1668 0.1668 80.32078667 72.77452176 9452.08 22.51613752 22.51613752}
2020/06/14 14:26:16 streamdata.go:16: action=StreamIngestionData, {BTC_USD 2020-06-14T05:26:16.7341335Z 170500 9425.12 9433 0.1668 0.1668 80.40556736 72.87452176 9452.08 22.51613752 22.51613752}
2020/06/14 14:26:20 streamdata.go:16: action=StreamIngestionData, {BTC_USD 2020-06-14T05:26:19.8164525Z 170501 9425.12 9433 0.1668 0.1668 80.49037951 72.87452176 9452.08 22.51613752 22.51613752}
2020/06/14 14:26:21 streamdata.go:16: action=StreamIngestionData, {BTC_USD 2020-06-14T05:26:21.339867Z 170505 9425.93 9455.1 0.1668 3 80.49037951 72.80772176 9452.08 22.51613752 22.51613752}
2020/06/14 14:26:22 streamdata.go:16: action=StreamIngestionData, {BTC_USD 2020-06-14T05:26:22.7874724Z 170507 9425.93 9433.02 0.1668 0.1668 80.40559759 72.97452176 9452.08 22.51613752 22.51613752}
2020/06/14 14:26:27 streamdata.go:16: action=StreamIngestionData, {BTC_USD 2020-06-14T05:26:27.1308354Z 170509 9425.93 9433.02 0.1668 0.1668 80.5752527 72.97452176 9452.08 22.51613752 22.51613752}
2020/06/14 14:26:34 streamdata.go:16: action=StreamIngestionData, {BTC_USD 2020-06-14T05:26:34.4256596Z 170510 9425.93 9433.02 0.1668 0.1668 75.4752527 72.97452176 9452.08 22.51613752 22.51613752}
2020/06/14 14:26:35 streamdata.go:16: action=StreamIngestionData, {BTC_USD 2020-06-14T05:26:35.3153436Z 170511 9425.93 9433.02 0.1668 0.1668 75.3904517 72.97452176 9452.08 22.51613752 22.51613752}
2020/06/14 14:29:51 bitflyer.go:213: connecting to wss://ws.lightstream.bitflyer.com/json-rpc
2020/06/14 14:29:59 streamdata.go:16: action=StreamIngestionData, {BTC_USD 2020-06-14T05:29:58.936191Z 170647 9413.9 9455.1 0.01 3 81.38667902 72.80772176 9452.08 22.46613752 22.46613752}
2020/06/14 14:30:02 streamdata.go:16: action=StreamIngestionData, {BTC_USD 2020-06-14T05:30:02.104942Z 170651 9413.9 9455.1 0.01 3 81.38667902 72.80772176 9452.08 22.46613752 22.46613752}
2020/06/14 14:53:27 bitflyer.go:213: connecting to wss://ws.lightstream.bitflyer.com/json-rpc
2020/06/14 14:53:31 streamdata.go:16: action=StreamIngestionData, {BTC_USD 2020-06-14T05:53:31.3615549Z 172477 9420.16 9427.24 0.1668 0.1668 79.10163188 72.63635419 9416.22 22.53454065 22.53454065}
2020/06/14 14:53:34 streamdata.go:16: action=StreamIngestionData, {BTC_USD 2020-06-14T05:53:34.6563635Z 172482 9421.65 9428.74 0.1668 0.1668 79.10163188 72.53635419 9416.22 22.53454065 22.53454065}
2020/06/14 14:53:42 streamdata.go:16: action=StreamIngestionData, {BTC_USD 2020-06-14T05:53:42.0780686Z 172483 9421.65 9428.74 0.1668 0.1668 79.10163188 72.63635419 9416.22 22.53454065 22.53454065}
2020/06/14 14:53:44 streamdata.go:16: action=StreamIngestionData, {BTC_USD 2020-06-14T05:53:43.9470458Z 172484 9421.65 9428.74 0.1668 0.1668 79.08163188 72.63635419 9416.22 22.53454065 22.53454065}
2020/06/14 14:53:45 streamdata.go:16: action=StreamIngestionData, {BTC_USD 2020-06-14T05:53:44.9218213Z 172485 9421.65 9428.74 0.1668 0.1668 78.99677646 72.63635419 9416.22 22.53454065 22.53454065}
2020/06/14 14:53:49 streamdata.go:16: action=StreamIngestionData, {BTC_USD 2020-06-14T05:53:49.0505883Z 172486 9421.65 9428.74 0.1668 0.1668 79.08160498 72.63635419 9416.22 22.53454065 22.53454065}
2020/06/14 14:53:50 streamdata.go:16: action=StreamIngestionData, {BTC_USD 2020-06-14T05:53:50.0144452Z 172489 9400.6 9430.23 0.01 0.1668 78.91480498 72.63635419 9416.22 22.53454065 22.53454065}
2020/06/14 14:53:52 streamdata.go:16: action=StreamIngestionData, {BTC_USD 2020-06-14T05:53:51.9105485Z 172491 9400.6 9430.23 0.01 0.1668 78.91480498 72.63635419 9416.22 22.53454065 22.53454065}
2020/06/14 14:53:54 streamdata.go:16: action=StreamIngestionData, {BTC_USD 2020-06-14T05:53:54.0206721Z 172495 9420.35 9427.66 0.1668 0.1668 78.99677646 72.63635419 9416.22 22.53454065 22.53454065}
2020/06/14 14:53:55 streamdata.go:16: action=StreamIngestionData, {BTC_USD 2020-06-14T05:53:55.344082Z 172496 9400.6 9427.66 0.01 0.1668 78.82997646 72.63635419 9416.22 22.53454065 22.53454065}
2020/06/14 14:54:00 streamdata.go:16: action=StreamIngestionData, {BTC_USD 2020-06-14T05:54:00.0630275Z 172500 9420.58 9427.66 0.1668 0.1668 79.08161694 72.63635419 9416.22 22.53454065 22.53454065}
2020/06/14 14:54:02 streamdata.go:16: action=StreamIngestionData, {BTC_USD 2020-06-14T05:54:01.9788544Z 172501 9420.58 9427.66 0.1668 0.1668 78.99677646 72.63635419 9416.22 22.53454065 22.53454065}
2020/06/14 14:54:03 streamdata.go:16: action=StreamIngestionData, {BTC_USD 2020-06-14T05:54:02.8725522Z 172503 9420.58 9444.47 0.1668 0.1 78.91190069 72.46955419 9416.22 22.53454065 22.53454065}
2020/06/14 14:54:04 streamdata.go:16: action=StreamIngestionData, {BTC_USD 2020-06-14T05:54:03.9801972Z 172506 9410.1 9444.47 0.02 0.1 78.68023717 72.46955419 9416.22 22.53454065 22.53454065}
2020/06/14 14:54:05 streamdata.go:16: action=StreamIngestionData, {BTC_USD 2020-06-14T05:54:05.1224773Z 172509 9423.14 9430.23 0.1668 0.1668 78.84703717 72.53635419 9416.22 22.53454065 22.53454065}
2020/06/14 14:54:07 streamdata.go:16: action=StreamIngestionData, {BTC_USD 2020-06-14T05:54:06.9195149Z 172511 9423.14 9430.23 0.1668 0.1668 78.84703717 72.33635419 9416.22 22.53454065 22.53454065}
2020/06/14 14:54:07 streamdata.go:16: action=StreamIngestionData, {BTC_USD 2020-06-14T05:54:07.8253875Z 172514 9423.14 9430.23 0.1668 0.1668 78.98463629 72.33635419 9416.22 22.53454065 22.53454065}
2020/06/14 14:54:10 streamdata.go:16: action=StreamIngestionData, {BTC_USD 2020-06-14T05:54:09.852276Z 172516 9423.14 9430.23 0.1668 0.1668 79.06948001 72.43635419 9416.22 22.53454065 22.53454065}
2020/06/14 14:54:11 streamdata.go:16: action=StreamIngestionData, {BTC_USD 2020-06-14T05:54:11.1084386Z 172521 9424.41 9431.5 0.1668 0.1668 79.06948001 72.39679046 9416.22 22.53454065 22.53454065}
2020/06/14 14:54:12 streamdata.go:16: action=StreamIngestionData, {BTC_USD 2020-06-14T05:54:12.1090335Z 172523 9424.41 9431.5 0.1668 0.1668 79.1543043 72.49679046 9416.22 22.53454065 22.53454065}
2020/06/14 14:54:13 streamdata.go:16: action=StreamIngestionData, {BTC_USD 2020-06-14T05:54:13.0792034Z 172525 9410.1 9431.5 0.02 0.1668 78.9875043 72.59679046 9416.22 22.53454065 22.53454065}
2020/06/14 14:54:15 streamdata.go:16: action=StreamIngestionData, {BTC_USD 2020-06-14T05:54:15.1704352Z 172526 9421.86 9431.5 0.1668 0.1668 79.1543043 72.59679046 9416.22 22.53454065 22.53454065}
2020/06/14 14:54:17 streamdata.go:16: action=StreamIngestionData, {BTC_USD 2020-06-14T05:54:16.9085191Z 172530 9410.1 9444.47 0.02 0.1 78.9875043 72.42999046 9416.22 22.53454065 22.53454065}
2020/06/14 14:54:18 streamdata.go:16: action=StreamIngestionData, {BTC_USD 2020-06-14T05:54:18.2169088Z 172534 9421.86 9428.95 0.1668 0.1668 79.06946058 72.49679046 9416.22 22.53454065 22.53454065}
2020/06/14 14:54:19 streamdata.go:16: action=StreamIngestionData, {BTC_USD 2020-06-14T05:54:19.484543Z 172538 9421.86 9428.95 0.1668 0.1668 79.06946058 72.49679046 9416.22 22.53454065 22.53454065}
2020/06/14 14:54:20 streamdata.go:16: action=StreamIngestionData, {BTC_USD 2020-06-14T05:54:20.8763245Z 172542 9410.1 9444.47 0.02 0.1 78.81783206 72.42999046 9416.22 22.53454065 22.53454065}
2020/06/14 14:54:22 streamdata.go:16: action=StreamIngestionData, {BTC_USD 2020-06-14T05:54:22.5817259Z 172545 9421.86 9428.95 0.1668 0.1668 78.98463206 72.69679046 9416.22 22.53454065 22.53454065}
2020/06/14 14:54:25 streamdata.go:16: action=StreamIngestionData, {BTC_USD 2020-06-14T05:54:25.7773043Z 172546 9421.86 9428.95 0.1668 0.1668 79.06949558 72.69679046 9416.22 22.53454065 22.53454065}
2020/06/14 14:54:27 streamdata.go:16: action=StreamIngestionData, {BTC_USD 2020-06-14T05:54:27.2263889Z 172547 9421.86 9428.95 0.1668 0.1668 79.15433561 72.69679046 9416.22 22.53454065 22.53454065}
2020/06/14 14:54:28 streamdata.go:16: action=StreamIngestionData, {BTC_USD 2020-06-14T05:54:28.1998791Z 172548 9410.1 9428.95 0.02 0.1668 78.98753561 72.69679046 9416.22 22.53454065 22.53454065}
2020/06/14 14:55:47 bitflyer.go:213: connecting to wss://ws.lightstream.bitflyer.com/json-rpc
2020/06/14 14:56:02 streamdata.go:16: action=StreamIngestionData, {BTC_USD 2020-06-14T05:56:02.0069098Z 172636 9410.1 9431.07 0.02 0.1668 78.98740582 72.67179046 9416.22 22.53454065 22.53454065}
2020/06/14 14:56:03 streamdata.go:16: action=StreamIngestionData, {BTC_USD 2020-06-14T05:56:02.9865433Z 172639 9410.1 9431.07 0.02 0.1668 78.73291734 72.67179046 9416.22 22.53454065 22.53454065}
2020/06/14 14:56:04 streamdata.go:16: action=StreamIngestionData, {BTC_USD 2020-06-14T05:56:04.3532922Z 172641 9410.1 9431.07 0.02 0.1668 78.73291734 72.67179046 9416.22 22.53454065 22.53454065}
2020/06/14 14:56:05 streamdata.go:16: action=StreamIngestionData, {BTC_USD 2020-06-14T05:56:05.1876537Z 172642 9422.94 9431.07 0.1668 0.1668 78.89971734 72.67179046 9416.22 22.53454065 22.53454065}
2020/06/14 14:56:06 streamdata.go:16: action=StreamIngestionData, {BTC_USD 2020-06-14T05:56:06.014214Z 172643 9410.1 9431.07 0.02 0.1668 78.73291734 72.67179046 9416.22 22.53454065 22.53454065}
2020/06/14 14:56:07 streamdata.go:16: action=StreamIngestionData, {BTC_USD 2020-06-14T05:56:07.444448Z 172648 9423.28 9430.37 0.1668 0.1668 79.06940992 72.67179046 9416.22 22.53454065 22.53454065}
2020/06/14 14:56:09 streamdata.go:16: action=StreamIngestionData, {BTC_USD 2020-06-14T05:56:09.3660772Z 172649 9410.1 9430.37 0.02 0.1668 78.90260992 72.67179046 9416.22 22.53454065 22.53454065}
2020/06/14 14:56:10 streamdata.go:16: action=StreamIngestionData, {BTC_USD 2020-06-14T05:56:10.6208965Z 172651 9423.28 9430.37 0.1668 0.1668 79.15427627 72.67179046 9416.22 22.53454065 22.53454065}
2020/06/14 14:56:12 streamdata.go:16: action=StreamIngestionData, {BTC_USD 2020-06-14T05:56:12.3026634Z 172652 9423.28 9430.37 0.1668 0.1668 79.06940992 72.67179046 9416.22 22.53454065 22.53454065}
2020/06/14 14:56:13 streamdata.go:16: action=StreamIngestionData, {BTC_USD 2020-06-14T05:56:13.4805178Z 172654 9423.28 9430.37 0.1668 0.1668 79.09940992 72.67179046 9416.22 22.53454065 22.53454065}
2020/06/14 14:56:20 streamdata.go:16: action=StreamIngestionData, {BTC_USD 2020-06-14T05:56:19.9763065Z 172655 9423.28 9430.37 0.1668 0.1668 79.18427627 72.67179046 9416.22 22.53454065 22.53454065}
2020/06/14 14:56:22 streamdata.go:16: action=StreamIngestionData, {BTC_USD 2020-06-14T05:56:22.8629582Z 172658 9411 9444.47 0.04 0.1 78.93260992 72.50499046 9416.22 22.53454065 22.53454065}
2020/06/14 14:56:23 streamdata.go:16: action=StreamIngestionData, {BTC_USD 2020-06-14T05:56:23.681685Z 172661 9421.52 9430.49 0.1668 0.1668 79.18427627 72.67179046 9416.22 22.53454065 22.53454065}
2020/06/14 14:56:24 streamdata.go:16: action=StreamIngestionData, {BTC_USD 2020-06-14T05:56:24.7986997Z 172664 9421.52 9444.47 0.1668 0.1 79.18427627 72.50499046 9416.22 22.53454065 22.53454065}
2020/06/14 14:56:27 streamdata.go:16: action=StreamIngestionData, {BTC_USD 2020-06-14T05:56:27.2456902Z 172666 9421.52 9430.49 0.1668 0.1668 79.18427627 72.59679046 9416.22 22.53454065 22.53454065}
2020/06/14 14:56:31 streamdata.go:16: action=StreamIngestionData, {BTC_USD 2020-06-14T05:56:31.8038927Z 172667 9421.52 9430.49 0.1668 0.1668 79.18427627 72.69679046 9416.22 22.53454065 22.53454065}
2020/06/14 14:56:35 streamdata.go:16: action=StreamIngestionData, {BTC_USD 2020-06-14T05:56:34.9503694Z 172668 9421.52 9430.49 0.1668 0.1668 79.18427627 72.59679046 9416.22 22.53454065 22.53454065}
2020/06/14 14:56:36 streamdata.go:16: action=StreamIngestionData, {BTC_USD 2020-06-14T05:56:35.8537291Z 172669 9421.52 9430.49 0.1668 0.1668 79.18427627 72.59679046 9416.22 22.53454065 22.53454065}
2020/06/14 14:56:37 streamdata.go:16: action=StreamIngestionData, {BTC_USD 2020-06-14T05:56:37.033883Z 172670 9411 9430.49 0.04 0.1668 79.01747627 72.59679046 9416.22 22.53454065 22.53454065}
2020/06/14 14:56:38 streamdata.go:16: action=StreamIngestionData, {BTC_USD 2020-06-14T05:56:38.1179866Z 172674 9425.59 9432.68 0.1668 0.1668 79.18427627 72.69679046 9416.22 22.53454065 22.53454065}
2020/06/14 14:56:41 streamdata.go:16: action=StreamIngestionData, {BTC_USD 2020-06-14T05:56:40.9279521Z 172677 9411 9444.47 0.04 0.1 78.93260992 72.52999046 9416.22 22.53454065 22.53454065}
2020/06/14 14:57:23 bitflyer.go:213: connecting to wss://ws.lightstream.bitflyer.com/json-rpc
2020/06/14 14:57:25 streamdata.go:17: action=StreamIngestionData, {BTC_USD 2020-06-14T05:57:25.3329524Z 172774 9421.66 9428.75 0.1668 0.1668 79.05663797 72.59679046 9416.22 22.53454065 22.53454065}
2020/06/14 14:57:27 streamdata.go:17: action=StreamIngestionData, {BTC_USD 2020-06-14T05:57:27.8527328Z 172777 9410.1 9444.47 0.02 0.1 78.84983797 72.42999046 9416.22 22.53454065 22.53454065}
2020/06/14 14:57:29 streamdata.go:17: action=StreamIngestionData, {BTC_USD 2020-06-14T05:57:29.2123512Z 172780 9421.66 9428.75 0.1668 0.1668 78.93173842 72.59679046 9416.22 22.53454065 22.53454065}
2020/06/14 14:57:33 streamdata.go:17: action=StreamIngestionData, {BTC_USD 2020-06-14T05:57:33.7141446Z 172782 9421.66 9428.75 0.1668 0.1668 78.93173842 72.59679046 9416.22 22.53454065 22.53454065}
2020/06/14 14:57:35 streamdata.go:17: action=StreamIngestionData, {BTC_USD 2020-06-14T05:57:34.9817041Z 172784 9410.1 9444.47 0.02 0.1 78.76493842 72.42999046 9416.22 22.53454065 22.53454065}
2020/06/14 14:57:36 streamdata.go:17: action=StreamIngestionData, {BTC_USD 2020-06-14T05:57:36.1678836Z 172785 9410.1 9429.18 0.02 0.1668 78.76493842 72.59679046 9416.22 22.53454065 22.53454065}
2020/06/14 14:57:37 streamdata.go:17: action=StreamIngestionData, {BTC_USD 2020-06-14T05:57:37.3380043Z 172787 9422.09 9429.18 0.1668 0.1668 79.01660554 72.59679046 9416.22 22.53454065 22.53454065}
2020/06/14 14:57:39 streamdata.go:17: action=StreamIngestionData, {BTC_USD 2020-06-14T05:57:38.9535782Z 172789 9422.09 9429.18 0.1668 0.1668 78.88968887 72.59679046 9416.22 22.53454065 22.53454065}
2020/06/14 14:57:40 streamdata.go:17: action=StreamIngestionData, {BTC_USD 2020-06-14T05:57:40.4807677Z 172793 9410.1 9429.18 0.02 0.1668 78.72288887 72.69679046 9416.22 22.53454065 22.53454065}
2020/06/14 14:57:41 streamdata.go:17: action=StreamIngestionData, {BTC_USD 2020-06-14T05:57:41.8442251Z 172798 9410.1 9429.18 0.02 0.1668 78.80772885 72.69679046 9416.22 22.53454065 22.53454065}
2020/06/14 14:57:42 streamdata.go:17: action=StreamIngestionData, {BTC_USD 2020-06-14T05:57:42.6716025Z 172801 9422.09 9429.18 0.1668 0.1668 79.06941038 72.69679046 9416.22 22.53454065 22.53454065}
2020/06/14 14:57:44 streamdata.go:17: action=StreamIngestionData, {BTC_USD 2020-06-14T05:57:43.9859194Z 172802 9410.1 9429.18 0.02 0.1668 78.90261038 72.69679046 9416.22 22.53454065 22.53454065}
2020/06/14 14:57:45 streamdata.go:17: action=StreamIngestionData, {BTC_USD 2020-06-14T05:57:45.5478621Z 172804 9410.1 9429.18 0.02 0.1668 78.81774326 72.59679046 9416.22 22.53454065 22.53454065}
2020/06/14 14:57:46 streamdata.go:17: action=StreamIngestionData, {BTC_USD 2020-06-14T05:57:46.4681876Z 172806 9410.1 9428.09 0.02 0.1668 78.81774326 72.59679046 9416.22 22.53454065 22.53454065}
2020/06/14 14:57:47 streamdata.go:17: action=StreamIngestionData, {BTC_USD 2020-06-14T05:57:47.781131Z 172809 9410.1 9428.09 0.02 0.1668 78.73290328 72.59679046 9416.22 22.53454065 22.53454065}
2020/06/14 14:57:48 streamdata.go:17: action=StreamIngestionData, {BTC_USD 2020-06-14T05:57:48.5960918Z 172815 9418.57 9425.65 0.1668 0.1668 78.81486145 72.39679046 9416.22 22.53454065 22.53454065}
2020/06/14 14:57:50 streamdata.go:17: action=StreamIngestionData, {BTC_USD 2020-06-14T05:57:50.127951Z 172817 9418.57 9425.65 0.1668 0.1668 78.81486145 72.39679046 9416.22 22.53454065 22.53454065}
2020/06/14 14:57:51 streamdata.go:17: action=StreamIngestionData, {BTC_USD 2020-06-14T05:57:51.2670413Z 172819 9418.57 9425.65 0.1668 0.1668 78.98467947 72.39679046 9416.22 22.53454065 22.53454065}
2020/06/14 14:57:53 streamdata.go:17: action=StreamIngestionData, {BTC_USD 2020-06-14T05:57:52.9756028Z 172820 9418.57 9425.65 0.1668 0.1668 78.98467947 72.49679046 9416.22 22.53454065 22.53454065}
2020/06/14 14:57:54 streamdata.go:17: action=StreamIngestionData, {BTC_USD 2020-06-14T05:57:54.5847759Z 172821 9418.57 9425.65 0.1668 0.1668 79.06955824 72.49679046 9416.22 22.53454065 22.53454065}
2020/06/14 14:57:56 streamdata.go:17: action=StreamIngestionData, {BTC_USD 2020-06-14T05:57:56.3339009Z 172823 9418.57 9425.65 0.1668 0.1668 78.98467671 72.59679046 9416.22 22.53454065 22.53454065}
2020/06/14 14:57:59 streamdata.go:17: action=StreamIngestionData, {BTC_USD 2020-06-14T05:57:59.2465878Z 172827 9410.1 9444.47 0.02 0.1 78.90274645 72.52999046 9416.22 22.53454065 22.53454065}
2020/06/14 14:58:04 streamdata.go:17: action=StreamIngestionData, {BTC_USD 2020-06-14T05:58:04.3550127Z 172830 9410.1 9425.65 0.02 0.1668 78.90274645 72.69679046 9416.22 22.53454065 22.53454065}
2020/06/14 14:58:06 streamdata.go:17: action=StreamIngestionData, {BTC_USD 2020-06-14T05:58:05.9993654Z 172831 9417.64 9425.65 0.1668 0.1668 79.06954645 72.69679046 9416.22 22.53454065 22.53454065}
2020/06/14 14:58:10 streamdata.go:17: action=StreamIngestionData, {BTC_USD 2020-06-14T05:58:10.1826096Z 172832 9417.64 9425.65 0.1668 0.1668 79.15444852 72.69679046 9416.22 22.53454065 22.53454065}
2020/06/14 14:58:11 streamdata.go:17: action=StreamIngestionData, {BTC_USD 2020-06-14T05:58:11.7247723Z 172834 9410.1 9444.47 0.02 0.1 78.98764852 72.52999046 9416.22 22.53454065 22.53454065}
2020/06/14 14:58:13 streamdata.go:17: action=StreamIngestionData, {BTC_USD 2020-06-14T05:58:13.216139Z 172838 9410.1 9444.47 0.02 0.1 78.98764852 72.52999046 9416.22 22.53454065 22.53454065}
2020/06/14 14:58:15 streamdata.go:17: action=StreamIngestionData, {BTC_USD 2020-06-14T05:58:14.999521Z 172841 9419.92 9427 0.1668 0.1668 79.15444852 72.59679046 9416.22 22.53454065 22.53454065}
