2020/06/10 16:23:20 main.go:11: test
2020/06/10 17:00:20 bitflyer.go:56: action=doRequest%!(EXTRA string=https://api.bitflyer.com/v1/me/getbalance)
2020/06/10 17:00:20 bitflyer.go:32: 1591776020
2020/06/10 17:00:21 bitflyer.go:93: url=me/getbalance resp={"status":-500,"error_message":"Key not found","data":null}
2020/06/10 17:00:21 bitflyer.go:101: action=GetBalance err=json: cannot unmarshal object into Go value of type []bitflyer.Balance
2020/06/10 17:05:34 bitflyer.go:56: action=doRequest%!(EXTRA string=https://api.bitflyer.com/v1/me/getbalance)
2020/06/10 17:05:34 bitflyer.go:32: 1591776334
2020/06/10 17:05:34 bitflyer.go:93: url=me/getbalance resp={"status":-500,"error_message":"Key not found","data":null}
2020/06/10 17:05:34 bitflyer.go:101: action=GetBalance err=json: cannot unmarshal object into Go value of type []bitflyer.Balance
2020/06/10 17:21:02 bitflyer.go:56: action=doRequest%!(EXTRA string=https://api.bitflyer.com/v1/ticker)
2020/06/10 17:21:02 bitflyer.go:32: 1591777262
2020/06/10 17:21:03 bitflyer.go:141: url=ticker resp={"product_code":"BTC_USD","timestamp":"2020-06-10T08:20:49.507","tick_id":1242794,"best_bid":9735.49,"best_ask":9742.21,"best_bid_size":0.0834,"best_ask_size":0.0834,"total_bid_depth":89.68847309,"total_ask_depth":73.39236659,"ltp":9734.14,"volume":29.41210515,"volume_by_product":29.41210515}
2020/06/10 17:21:03 bitflyer.go:129: action=Datetime, err=parsing time "2020-06-10T08:20:49.507" as "2006-01-02T15:04:05Z07:00": cannot parse "" as "Z07:00"
2020/06/10 17:21:03 bitflyer.go:129: action=Datetime, err=parsing time "2020-06-10T08:20:49.507" as "2006-01-02T15:04:05Z07:00": cannot parse "" as "Z07:00"
2020/06/10 17:24:26 bitflyer.go:56: action=doRequest%!(EXTRA string=https://api.bitflyer.com/v1/ticker)
2020/06/10 17:24:26 bitflyer.go:32: 1591777466
2020/06/10 17:24:26 bitflyer.go:142: url=ticker resp={"product_code":"BTC_USD","timestamp":"2020-06-10T08:24:19.887","tick_id":1242822,"best_bid":9737.57,"best_ask":9746.01,"best_bid_size":0.0834,"best_ask_size":0.0834,"total_bid_depth":89.63858437,"total_ask_depth":73.32889959,"ltp":9734.14,"volume":29.41210515,"volume_by_product":29.41210515}
2020/06/10 17:24:26 bitflyer.go:130: action=Datetime, err=parsing time "2020-06-09-17T02:01:59.6005284Z" as "2006-01-02T15:04:05Z07:00": cannot parse "-17T02:01:59.6005284Z" as "T"
2020/06/10 17:24:26 bitflyer.go:130: action=Datetime, err=parsing time "2020-06-09-17T02:01:59.6005284Z" as "2006-01-02T15:04:05Z07:00": cannot parse "-17T02:01:59.6005284Z" as "T"
2020/06/10 17:25:18 bitflyer.go:56: action=doRequest%!(EXTRA string=https://api.bitflyer.com/v1/ticker)
2020/06/10 17:25:18 bitflyer.go:32: 1591777518
2020/06/10 17:25:18 bitflyer.go:142: url=ticker resp={"product_code":"BTC_USD","timestamp":"2020-06-10T08:25:10.28","tick_id":1242833,"best_bid":9735.9,"best_ask":9743.22,"best_bid_size":0.0834,"best_ask_size":0.0834,"total_bid_depth":89.71634083,"total_ask_depth":73.32889959,"ltp":9734.14,"volume":29.41210515,"volume_by_product":29.41210515}
2020/06/10 17:25:18 bitflyer.go:130: action=Datetime, err=parsing time "2020-06-09-27T02:01:59.6005284Z" as "2006-01-02T15:04:05Z07:00": cannot parse "-27T02:01:59.6005284Z" as "T"
2020/06/10 17:25:18 bitflyer.go:130: action=Datetime, err=parsing time "2020-06-09-27T02:01:59.6005284Z" as "2006-01-02T15:04:05Z07:00": cannot parse "-27T02:01:59.6005284Z" as "T"
2020/06/10 17:25:41 bitflyer.go:56: action=doRequest%!(EXTRA string=https://api.bitflyer.com/v1/ticker)
2020/06/10 17:25:41 bitflyer.go:32: 1591777541
2020/06/10 17:25:42 bitflyer.go:142: url=ticker resp={"product_code":"BTC_USD","timestamp":"2020-06-10T08:25:40.72","tick_id":1242853,"best_bid":9739.47,"best_ask":9746.79,"best_bid_size":0.0834,"best_ask_size":0.0834,"total_bid_depth":89.71744992,"total_ask_depth":73.26680236,"ltp":9734.14,"volume":29.41210515,"volume_by_product":29.41210515}
